{"C:\\Users\\gferr\\OneDrive\\Área de Trabalho\\StartDB_Desafio_tecnico\\desafio-russodev1-2025\\src\\abrigo-animais.js": {"path":"C:\\Users\\gferr\\OneDrive\\Área de Trabalho\\StartDB_Desafio_tecnico\\desafio-russodev1-2025\\src\\abrigo-animais.js","all":false,"statementMap":{"0":{"start":{"line":1,"column":0},"end":{"line":1,"column":43}},"1":{"start":{"line":2,"column":0},"end":{"line":2,"column":0}},"2":{"start":{"line":3,"column":0},"end":{"line":3,"column":43}},"3":{"start":{"line":4,"column":0},"end":{"line":4,"column":0}},"4":{"start":{"line":5,"column":0},"end":{"line":5,"column":64}},"5":{"start":{"line":6,"column":0},"end":{"line":6,"column":0}},"6":{"start":{"line":7,"column":0},"end":{"line":7,"column":44}},"7":{"start":{"line":8,"column":0},"end":{"line":8,"column":0}},"8":{"start":{"line":9,"column":0},"end":{"line":9,"column":21}},"9":{"start":{"line":10,"column":0},"end":{"line":10,"column":0}},"10":{"start":{"line":11,"column":0},"end":{"line":11,"column":71}},"11":{"start":{"line":12,"column":0},"end":{"line":12,"column":0}},"12":{"start":{"line":13,"column":0},"end":{"line":13,"column":72}},"13":{"start":{"line":14,"column":0},"end":{"line":14,"column":0}},"14":{"start":{"line":15,"column":0},"end":{"line":15,"column":72}},"15":{"start":{"line":16,"column":0},"end":{"line":16,"column":0}},"16":{"start":{"line":17,"column":0},"end":{"line":17,"column":61}},"17":{"start":{"line":18,"column":0},"end":{"line":18,"column":0}},"18":{"start":{"line":19,"column":0},"end":{"line":19,"column":0}},"19":{"start":{"line":20,"column":0},"end":{"line":20,"column":0}},"20":{"start":{"line":21,"column":0},"end":{"line":21,"column":63}},"21":{"start":{"line":22,"column":0},"end":{"line":22,"column":0}},"22":{"start":{"line":23,"column":0},"end":{"line":23,"column":40}},"23":{"start":{"line":24,"column":0},"end":{"line":24,"column":0}},"24":{"start":{"line":25,"column":0},"end":{"line":25,"column":88}},"25":{"start":{"line":26,"column":0},"end":{"line":26,"column":0}},"26":{"start":{"line":27,"column":0},"end":{"line":27,"column":46}},"27":{"start":{"line":28,"column":0},"end":{"line":28,"column":0}},"28":{"start":{"line":29,"column":0},"end":{"line":29,"column":0}},"29":{"start":{"line":30,"column":0},"end":{"line":30,"column":0}},"30":{"start":{"line":31,"column":0},"end":{"line":31,"column":0}},"31":{"start":{"line":32,"column":0},"end":{"line":32,"column":0}},"32":{"start":{"line":33,"column":0},"end":{"line":33,"column":47}},"33":{"start":{"line":34,"column":0},"end":{"line":34,"column":0}},"34":{"start":{"line":35,"column":0},"end":{"line":35,"column":47}},"35":{"start":{"line":36,"column":0},"end":{"line":36,"column":0}},"36":{"start":{"line":37,"column":0},"end":{"line":37,"column":0}},"37":{"start":{"line":38,"column":0},"end":{"line":38,"column":0}},"38":{"start":{"line":39,"column":0},"end":{"line":39,"column":36}},"39":{"start":{"line":40,"column":0},"end":{"line":40,"column":0}},"40":{"start":{"line":41,"column":0},"end":{"line":41,"column":0}},"41":{"start":{"line":42,"column":0},"end":{"line":42,"column":0}},"42":{"start":{"line":43,"column":0},"end":{"line":43,"column":29}},"43":{"start":{"line":44,"column":0},"end":{"line":44,"column":0}},"44":{"start":{"line":45,"column":0},"end":{"line":45,"column":38}},"45":{"start":{"line":46,"column":0},"end":{"line":46,"column":0}},"46":{"start":{"line":47,"column":0},"end":{"line":47,"column":68}},"47":{"start":{"line":48,"column":0},"end":{"line":48,"column":0}},"48":{"start":{"line":49,"column":0},"end":{"line":49,"column":0}},"49":{"start":{"line":50,"column":0},"end":{"line":50,"column":0}},"50":{"start":{"line":51,"column":0},"end":{"line":51,"column":69}},"51":{"start":{"line":52,"column":0},"end":{"line":52,"column":0}},"52":{"start":{"line":53,"column":0},"end":{"line":53,"column":69}},"53":{"start":{"line":54,"column":0},"end":{"line":54,"column":0}},"54":{"start":{"line":55,"column":0},"end":{"line":55,"column":0}},"55":{"start":{"line":56,"column":0},"end":{"line":56,"column":27}},"56":{"start":{"line":57,"column":0},"end":{"line":57,"column":0}},"57":{"start":{"line":58,"column":0},"end":{"line":58,"column":77}},"58":{"start":{"line":59,"column":0},"end":{"line":59,"column":77}},"59":{"start":{"line":60,"column":0},"end":{"line":60,"column":0}},"60":{"start":{"line":61,"column":0},"end":{"line":61,"column":49}},"61":{"start":{"line":62,"column":0},"end":{"line":62,"column":25}},"62":{"start":{"line":63,"column":0},"end":{"line":63,"column":35}},"63":{"start":{"line":64,"column":0},"end":{"line":64,"column":29}},"64":{"start":{"line":65,"column":0},"end":{"line":65,"column":27}},"65":{"start":{"line":66,"column":0},"end":{"line":66,"column":35}},"66":{"start":{"line":67,"column":0},"end":{"line":67,"column":29}},"67":{"start":{"line":68,"column":0},"end":{"line":68,"column":27}},"68":{"start":{"line":69,"column":0},"end":{"line":69,"column":5}},"69":{"start":{"line":70,"column":0},"end":{"line":70,"column":0}},"70":{"start":{"line":71,"column":0},"end":{"line":71,"column":0}},"71":{"start":{"line":72,"column":0},"end":{"line":72,"column":51}},"72":{"start":{"line":73,"column":0},"end":{"line":73,"column":0}},"73":{"start":{"line":74,"column":0},"end":{"line":74,"column":5}},"74":{"start":{"line":75,"column":0},"end":{"line":75,"column":0}},"75":{"start":{"line":76,"column":0},"end":{"line":76,"column":27}},"76":{"start":{"line":77,"column":0},"end":{"line":77,"column":0}},"77":{"start":{"line":78,"column":0},"end":{"line":78,"column":21}},"78":{"start":{"line":79,"column":0},"end":{"line":79,"column":0}},"79":{"start":{"line":80,"column":0},"end":{"line":80,"column":3}},"80":{"start":{"line":81,"column":0},"end":{"line":81,"column":0}},"81":{"start":{"line":82,"column":0},"end":{"line":82,"column":1}},"82":{"start":{"line":83,"column":0},"end":{"line":83,"column":0}},"83":{"start":{"line":84,"column":0},"end":{"line":84,"column":0}},"84":{"start":{"line":85,"column":0},"end":{"line":85,"column":0}},"85":{"start":{"line":86,"column":0},"end":{"line":86,"column":42}}},"s":{"0":1,"1":1,"2":1,"3":1,"4":1,"5":1,"6":1,"7":1,"8":1,"9":1,"10":1,"11":3,"12":3,"13":3,"14":3,"15":3,"16":3,"17":3,"18":3,"19":3,"20":3,"21":3,"22":3,"23":2,"24":2,"25":2,"26":3,"27":2,"28":2,"29":2,"30":2,"31":2,"32":2,"33":2,"34":2,"35":2,"36":2,"37":2,"38":2,"39":2,"40":2,"41":2,"42":3,"43":6,"44":6,"45":6,"46":6,"47":6,"48":6,"49":6,"50":6,"51":6,"52":6,"53":6,"54":6,"55":6,"56":6,"57":6,"58":6,"59":6,"60":6,"61":1,"62":6,"63":1,"64":1,"65":5,"66":1,"67":1,"68":1,"69":6,"70":6,"71":6,"72":6,"73":6,"74":2,"75":2,"76":2,"77":2,"78":2,"79":2,"80":1,"81":1,"82":1,"83":1,"84":1,"85":1},"branchMap":{"0":{"type":"branch","line":11,"loc":{"start":{"line":11,"column":2},"end":{"line":80,"column":3}},"locations":[{"start":{"line":11,"column":2},"end":{"line":80,"column":3}}]},"1":{"type":"branch","line":23,"loc":{"start":{"line":23,"column":21},"end":{"line":23,"column":40}},"locations":[{"start":{"line":23,"column":21},"end":{"line":23,"column":40}}]},"2":{"type":"branch","line":23,"loc":{"start":{"line":23,"column":39},"end":{"line":27,"column":24}},"locations":[{"start":{"line":23,"column":39},"end":{"line":27,"column":24}}]},"3":{"type":"branch","line":27,"loc":{"start":{"line":27,"column":24},"end":{"line":27,"column":46}},"locations":[{"start":{"line":27,"column":24},"end":{"line":27,"column":46}}]},"4":{"type":"branch","line":27,"loc":{"start":{"line":27,"column":45},"end":{"line":43,"column":28}},"locations":[{"start":{"line":27,"column":45},"end":{"line":43,"column":28}}]},"5":{"type":"branch","line":43,"loc":{"start":{"line":43,"column":28},"end":{"line":74,"column":5}},"locations":[{"start":{"line":43,"column":28},"end":{"line":74,"column":5}}]},"6":{"type":"branch","line":58,"loc":{"start":{"line":58,"column":45},"end":{"line":58,"column":76}},"locations":[{"start":{"line":58,"column":45},"end":{"line":58,"column":76}}]},"7":{"type":"branch","line":59,"loc":{"start":{"line":59,"column":45},"end":{"line":59,"column":76}},"locations":[{"start":{"line":59,"column":45},"end":{"line":59,"column":76}}]},"8":{"type":"branch","line":61,"loc":{"start":{"line":61,"column":25},"end":{"line":61,"column":46}},"locations":[{"start":{"line":61,"column":25},"end":{"line":61,"column":46}}]},"9":{"type":"branch","line":61,"loc":{"start":{"line":61,"column":48},"end":{"line":63,"column":5}},"locations":[{"start":{"line":61,"column":48},"end":{"line":63,"column":5}}]},"10":{"type":"branch","line":63,"loc":{"start":{"line":63,"column":5},"end":{"line":69,"column":5}},"locations":[{"start":{"line":63,"column":5},"end":{"line":69,"column":5}}]},"11":{"type":"branch","line":63,"loc":{"start":{"line":63,"column":34},"end":{"line":66,"column":5}},"locations":[{"start":{"line":63,"column":34},"end":{"line":66,"column":5}}]},"12":{"type":"branch","line":66,"loc":{"start":{"line":66,"column":5},"end":{"line":69,"column":5}},"locations":[{"start":{"line":66,"column":5},"end":{"line":69,"column":5}}]},"13":{"type":"branch","line":66,"loc":{"start":{"line":66,"column":34},"end":{"line":69,"column":5}},"locations":[{"start":{"line":66,"column":34},"end":{"line":69,"column":5}}]},"14":{"type":"branch","line":74,"loc":{"start":{"line":74,"column":4},"end":{"line":80,"column":3}},"locations":[{"start":{"line":74,"column":4},"end":{"line":80,"column":3}}]},"15":{"type":"branch","line":13,"loc":{"start":{"line":13,"column":57},"end":{"line":13,"column":70}},"locations":[{"start":{"line":13,"column":57},"end":{"line":13,"column":70}}]},"16":{"type":"branch","line":15,"loc":{"start":{"line":15,"column":57},"end":{"line":15,"column":70}},"locations":[{"start":{"line":15,"column":57},"end":{"line":15,"column":70}}]},"17":{"type":"branch","line":17,"loc":{"start":{"line":17,"column":46},"end":{"line":17,"column":59}},"locations":[{"start":{"line":17,"column":46},"end":{"line":17,"column":59}}]}},"b":{"0":[3],"1":[1],"2":[2],"3":[0],"4":[2],"5":[6],"6":[2],"7":[2],"8":[2],"9":[1],"10":[5],"11":[1],"12":[4],"13":[1],"14":[2],"15":[6],"16":[8],"17":[7]},"fnMap":{"0":{"name":"encontraPessoas","decl":{"start":{"line":11,"column":2},"end":{"line":80,"column":3}},"loc":{"start":{"line":11,"column":2},"end":{"line":80,"column":3}},"line":11}},"f":{"0":3}}
,"C:\\Users\\gferr\\OneDrive\\Área de Trabalho\\StartDB_Desafio_tecnico\\desafio-russodev1-2025\\src\\Classes\\animal.js": {"path":"C:\\Users\\gferr\\OneDrive\\Área de Trabalho\\StartDB_Desafio_tecnico\\desafio-russodev1-2025\\src\\Classes\\animal.js","all":false,"statementMap":{"0":{"start":{"line":1,"column":0},"end":{"line":1,"column":15}},"1":{"start":{"line":2,"column":0},"end":{"line":2,"column":0}},"2":{"start":{"line":3,"column":0},"end":{"line":3,"column":41}},"3":{"start":{"line":4,"column":0},"end":{"line":4,"column":23}},"4":{"start":{"line":5,"column":0},"end":{"line":5,"column":23}},"5":{"start":{"line":6,"column":0},"end":{"line":6,"column":35}},"6":{"start":{"line":7,"column":0},"end":{"line":7,"column":5}},"7":{"start":{"line":8,"column":0},"end":{"line":8,"column":0}},"8":{"start":{"line":9,"column":0},"end":{"line":9,"column":0}},"9":{"start":{"line":10,"column":0},"end":{"line":10,"column":0}},"10":{"start":{"line":11,"column":0},"end":{"line":11,"column":46}},"11":{"start":{"line":12,"column":0},"end":{"line":12,"column":47}},"12":{"start":{"line":13,"column":0},"end":{"line":13,"column":0}},"13":{"start":{"line":14,"column":0},"end":{"line":14,"column":32}},"14":{"start":{"line":15,"column":0},"end":{"line":15,"column":40}},"15":{"start":{"line":16,"column":0},"end":{"line":16,"column":6}},"16":{"start":{"line":17,"column":0},"end":{"line":17,"column":0}},"17":{"start":{"line":18,"column":0},"end":{"line":18,"column":0}},"18":{"start":{"line":19,"column":0},"end":{"line":19,"column":31}},"19":{"start":{"line":20,"column":0},"end":{"line":20,"column":86}},"20":{"start":{"line":21,"column":0},"end":{"line":21,"column":5}},"21":{"start":{"line":22,"column":0},"end":{"line":22,"column":0}},"22":{"start":{"line":23,"column":0},"end":{"line":23,"column":31}},"23":{"start":{"line":24,"column":0},"end":{"line":24,"column":21}},"24":{"start":{"line":25,"column":0},"end":{"line":25,"column":48}},"25":{"start":{"line":26,"column":0},"end":{"line":26,"column":59}},"26":{"start":{"line":27,"column":0},"end":{"line":27,"column":59}},"27":{"start":{"line":28,"column":0},"end":{"line":28,"column":8}},"28":{"start":{"line":29,"column":0},"end":{"line":29,"column":20}},"29":{"start":{"line":30,"column":0},"end":{"line":30,"column":6}},"30":{"start":{"line":31,"column":0},"end":{"line":31,"column":18}},"31":{"start":{"line":32,"column":0},"end":{"line":32,"column":4}},"32":{"start":{"line":33,"column":0},"end":{"line":33,"column":0}},"33":{"start":{"line":34,"column":0},"end":{"line":34,"column":2}},"34":{"start":{"line":35,"column":0},"end":{"line":35,"column":0}},"35":{"start":{"line":36,"column":0},"end":{"line":36,"column":0}},"36":{"start":{"line":37,"column":0},"end":{"line":37,"column":0}},"37":{"start":{"line":38,"column":0},"end":{"line":38,"column":19}}},"s":{"0":1,"1":1,"2":1,"3":6,"4":6,"5":6,"6":6,"7":1,"8":1,"9":1,"10":1,"11":12,"12":12,"13":12,"14":0,"15":0,"16":12,"17":12,"18":12,"19":6,"20":6,"21":6,"22":6,"23":6,"24":6,"25":16,"26":16,"27":16,"28":5,"29":5,"30":0,"31":0,"32":1,"33":1,"34":1,"35":1,"36":1,"37":1},"branchMap":{"0":{"type":"branch","line":3,"loc":{"start":{"line":3,"column":3},"end":{"line":7,"column":5}},"locations":[{"start":{"line":3,"column":3},"end":{"line":7,"column":5}}]},"1":{"type":"branch","line":11,"loc":{"start":{"line":11,"column":2},"end":{"line":32,"column":4}},"locations":[{"start":{"line":11,"column":2},"end":{"line":32,"column":4}}]},"2":{"type":"branch","line":14,"loc":{"start":{"line":14,"column":30},"end":{"line":16,"column":6}},"locations":[{"start":{"line":14,"column":30},"end":{"line":16,"column":6}}]},"3":{"type":"branch","line":19,"loc":{"start":{"line":19,"column":30},"end":{"line":30,"column":6}},"locations":[{"start":{"line":19,"column":30},"end":{"line":30,"column":6}}]},"4":{"type":"branch","line":25,"loc":{"start":{"line":25,"column":46},"end":{"line":28,"column":8}},"locations":[{"start":{"line":25,"column":46},"end":{"line":28,"column":8}}]},"5":{"type":"branch","line":26,"loc":{"start":{"line":26,"column":50},"end":{"line":26,"column":59}},"locations":[{"start":{"line":26,"column":50},"end":{"line":26,"column":59}}]},"6":{"type":"branch","line":27,"loc":{"start":{"line":27,"column":46},"end":{"line":27,"column":59}},"locations":[{"start":{"line":27,"column":46},"end":{"line":27,"column":59}}]},"7":{"type":"branch","line":28,"loc":{"start":{"line":28,"column":6},"end":{"line":30,"column":6}},"locations":[{"start":{"line":28,"column":6},"end":{"line":30,"column":6}}]},"8":{"type":"branch","line":30,"loc":{"start":{"line":30,"column":4},"end":{"line":32,"column":4}},"locations":[{"start":{"line":30,"column":4},"end":{"line":32,"column":4}}]},"9":{"type":"branch","line":20,"loc":{"start":{"line":20,"column":35},"end":{"line":20,"column":84}},"locations":[{"start":{"line":20,"column":35},"end":{"line":20,"column":84}}]}},"b":{"0":[6],"1":[12],"2":[0],"3":[6],"4":[16],"5":[4],"6":[1],"7":[5],"8":[0],"9":[13]},"fnMap":{"0":{"name":"Animal","decl":{"start":{"line":3,"column":3},"end":{"line":7,"column":5}},"loc":{"start":{"line":3,"column":3},"end":{"line":7,"column":5}},"line":3},"1":{"name":"podeSerAdotadoPor","decl":{"start":{"line":11,"column":2},"end":{"line":32,"column":4}},"loc":{"start":{"line":11,"column":2},"end":{"line":32,"column":4}},"line":11}},"f":{"0":6,"1":12}}
,"C:\\Users\\gferr\\OneDrive\\Área de Trabalho\\StartDB_Desafio_tecnico\\desafio-russodev1-2025\\src\\Classes\\pessoa.js": {"path":"C:\\Users\\gferr\\OneDrive\\Área de Trabalho\\StartDB_Desafio_tecnico\\desafio-russodev1-2025\\src\\Classes\\pessoa.js","all":false,"statementMap":{"0":{"start":{"line":1,"column":0},"end":{"line":1,"column":15}},"1":{"start":{"line":2,"column":0},"end":{"line":2,"column":0}},"2":{"start":{"line":3,"column":0},"end":{"line":3,"column":37}},"3":{"start":{"line":4,"column":0},"end":{"line":4,"column":26}},"4":{"start":{"line":5,"column":0},"end":{"line":5,"column":35}},"5":{"start":{"line":6,"column":0},"end":{"line":6,"column":24}},"6":{"start":{"line":7,"column":0},"end":{"line":7,"column":5}},"7":{"start":{"line":8,"column":0},"end":{"line":8,"column":0}},"8":{"start":{"line":9,"column":0},"end":{"line":9,"column":0}},"9":{"start":{"line":10,"column":0},"end":{"line":10,"column":0}},"10":{"start":{"line":11,"column":0},"end":{"line":11,"column":35}},"11":{"start":{"line":12,"column":0},"end":{"line":12,"column":58}},"12":{"start":{"line":13,"column":0},"end":{"line":13,"column":4}},"13":{"start":{"line":14,"column":0},"end":{"line":14,"column":0}},"14":{"start":{"line":15,"column":0},"end":{"line":15,"column":0}},"15":{"start":{"line":16,"column":0},"end":{"line":16,"column":0}},"16":{"start":{"line":17,"column":0},"end":{"line":17,"column":23}},"17":{"start":{"line":18,"column":0},"end":{"line":18,"column":49}},"18":{"start":{"line":19,"column":0},"end":{"line":19,"column":48}},"19":{"start":{"line":20,"column":0},"end":{"line":20,"column":4}},"20":{"start":{"line":21,"column":0},"end":{"line":21,"column":0}},"21":{"start":{"line":22,"column":0},"end":{"line":22,"column":0}},"22":{"start":{"line":23,"column":0},"end":{"line":23,"column":0}},"23":{"start":{"line":24,"column":0},"end":{"line":24,"column":20}},"24":{"start":{"line":25,"column":0},"end":{"line":25,"column":38}},"25":{"start":{"line":26,"column":0},"end":{"line":26,"column":5}},"26":{"start":{"line":27,"column":0},"end":{"line":27,"column":3}},"27":{"start":{"line":28,"column":0},"end":{"line":28,"column":0}},"28":{"start":{"line":29,"column":0},"end":{"line":29,"column":0}},"29":{"start":{"line":30,"column":0},"end":{"line":30,"column":0}},"30":{"start":{"line":31,"column":0},"end":{"line":31,"column":17}}},"s":{"0":1,"1":1,"2":1,"3":4,"4":4,"5":4,"6":4,"7":1,"8":1,"9":1,"10":1,"11":12,"12":12,"13":1,"14":1,"15":1,"16":1,"17":0,"18":0,"19":0,"20":1,"21":1,"22":1,"23":1,"24":2,"25":2,"26":1,"27":1,"28":1,"29":1,"30":1},"branchMap":{"0":{"type":"branch","line":3,"loc":{"start":{"line":3,"column":3},"end":{"line":7,"column":5}},"locations":[{"start":{"line":3,"column":3},"end":{"line":7,"column":5}}]},"1":{"type":"branch","line":11,"loc":{"start":{"line":11,"column":2},"end":{"line":13,"column":4}},"locations":[{"start":{"line":11,"column":2},"end":{"line":13,"column":4}}]},"2":{"type":"branch","line":24,"loc":{"start":{"line":24,"column":3},"end":{"line":26,"column":5}},"locations":[{"start":{"line":24,"column":3},"end":{"line":26,"column":5}}]}},"b":{"0":[4],"1":[12],"2":[2]},"fnMap":{"0":{"name":"Pessoa","decl":{"start":{"line":3,"column":3},"end":{"line":7,"column":5}},"loc":{"start":{"line":3,"column":3},"end":{"line":7,"column":5}},"line":3},"1":{"name":"eElegivelPorBrinquedos","decl":{"start":{"line":11,"column":2},"end":{"line":13,"column":4}},"loc":{"start":{"line":11,"column":2},"end":{"line":13,"column":4}},"line":11},"2":{"name":"podeAdotar","decl":{"start":{"line":17,"column":2},"end":{"line":20,"column":4}},"loc":{"start":{"line":17,"column":2},"end":{"line":20,"column":4}},"line":17},"3":{"name":"adotar","decl":{"start":{"line":24,"column":3},"end":{"line":26,"column":5}},"loc":{"start":{"line":24,"column":3},"end":{"line":26,"column":5}},"line":24}},"f":{"0":4,"1":12,"2":0,"3":2}}
,"C:\\Users\\gferr\\OneDrive\\Área de Trabalho\\StartDB_Desafio_tecnico\\desafio-russodev1-2025\\src\\Classes\\validador-entrada.js": {"path":"C:\\Users\\gferr\\OneDrive\\Área de Trabalho\\StartDB_Desafio_tecnico\\desafio-russodev1-2025\\src\\Classes\\validador-entrada.js","all":false,"statementMap":{"0":{"start":{"line":1,"column":0},"end":{"line":1,"column":66}},"1":{"start":{"line":2,"column":0},"end":{"line":2,"column":0}},"2":{"start":{"line":3,"column":0},"end":{"line":3,"column":0}},"3":{"start":{"line":4,"column":0},"end":{"line":4,"column":0}},"4":{"start":{"line":5,"column":0},"end":{"line":5,"column":24}},"5":{"start":{"line":6,"column":0},"end":{"line":6,"column":0}},"6":{"start":{"line":7,"column":0},"end":{"line":7,"column":54}},"7":{"start":{"line":8,"column":0},"end":{"line":8,"column":0}},"8":{"start":{"line":9,"column":0},"end":{"line":9,"column":38}},"9":{"start":{"line":10,"column":0},"end":{"line":10,"column":100}},"10":{"start":{"line":11,"column":0},"end":{"line":11,"column":44}},"11":{"start":{"line":12,"column":0},"end":{"line":12,"column":5}},"12":{"start":{"line":13,"column":0},"end":{"line":13,"column":0}},"13":{"start":{"line":14,"column":0},"end":{"line":14,"column":0}},"14":{"start":{"line":15,"column":0},"end":{"line":15,"column":38}},"15":{"start":{"line":16,"column":0},"end":{"line":16,"column":0}},"16":{"start":{"line":17,"column":0},"end":{"line":17,"column":100}},"17":{"start":{"line":18,"column":0},"end":{"line":18,"column":44}},"18":{"start":{"line":19,"column":0},"end":{"line":19,"column":5}},"19":{"start":{"line":20,"column":0},"end":{"line":20,"column":0}},"20":{"start":{"line":21,"column":0},"end":{"line":21,"column":0}},"21":{"start":{"line":22,"column":0},"end":{"line":22,"column":0}},"22":{"start":{"line":23,"column":0},"end":{"line":23,"column":16}},"23":{"start":{"line":24,"column":0},"end":{"line":24,"column":0}},"24":{"start":{"line":25,"column":0},"end":{"line":25,"column":1}},"25":{"start":{"line":26,"column":0},"end":{"line":26,"column":0}},"26":{"start":{"line":27,"column":0},"end":{"line":27,"column":0}},"27":{"start":{"line":28,"column":0},"end":{"line":28,"column":0}},"28":{"start":{"line":29,"column":0},"end":{"line":29,"column":32}},"29":{"start":{"line":30,"column":0},"end":{"line":30,"column":0}},"30":{"start":{"line":31,"column":0},"end":{"line":31,"column":31}},"31":{"start":{"line":32,"column":0},"end":{"line":32,"column":72}},"32":{"start":{"line":33,"column":0},"end":{"line":33,"column":41}},"33":{"start":{"line":34,"column":0},"end":{"line":34,"column":5}},"34":{"start":{"line":35,"column":0},"end":{"line":35,"column":16}},"35":{"start":{"line":36,"column":0},"end":{"line":36,"column":3}},"36":{"start":{"line":37,"column":0},"end":{"line":37,"column":0}},"37":{"start":{"line":38,"column":0},"end":{"line":38,"column":1}},"38":{"start":{"line":39,"column":0},"end":{"line":39,"column":0}},"39":{"start":{"line":40,"column":0},"end":{"line":40,"column":0}},"40":{"start":{"line":41,"column":0},"end":{"line":41,"column":0}},"41":{"start":{"line":42,"column":0},"end":{"line":42,"column":28}}},"s":{"0":1,"1":1,"2":1,"3":1,"4":1,"5":1,"6":1,"7":2,"8":2,"9":2,"10":0,"11":0,"12":2,"13":2,"14":2,"15":2,"16":2,"17":0,"18":0,"19":2,"20":2,"21":2,"22":2,"23":2,"24":2,"25":1,"26":1,"27":1,"28":1,"29":3,"30":3,"31":3,"32":1,"33":1,"34":2,"35":2,"36":1,"37":1,"38":1,"39":1,"40":1,"41":1},"branchMap":{"0":{"type":"branch","line":7,"loc":{"start":{"line":7,"column":9},"end":{"line":25,"column":1}},"locations":[{"start":{"line":7,"column":9},"end":{"line":25,"column":1}}]},"1":{"type":"branch","line":10,"loc":{"start":{"line":10,"column":99},"end":{"line":12,"column":5}},"locations":[{"start":{"line":10,"column":99},"end":{"line":12,"column":5}}]},"2":{"type":"branch","line":17,"loc":{"start":{"line":17,"column":99},"end":{"line":19,"column":5}},"locations":[{"start":{"line":17,"column":99},"end":{"line":19,"column":5}}]},"3":{"type":"branch","line":10,"loc":{"start":{"line":10,"column":61},"end":{"line":10,"column":96}},"locations":[{"start":{"line":10,"column":61},"end":{"line":10,"column":96}}]},"4":{"type":"branch","line":17,"loc":{"start":{"line":17,"column":61},"end":{"line":17,"column":96}},"locations":[{"start":{"line":17,"column":61},"end":{"line":17,"column":96}}]},"5":{"type":"branch","line":29,"loc":{"start":{"line":29,"column":9},"end":{"line":36,"column":3}},"locations":[{"start":{"line":29,"column":9},"end":{"line":36,"column":3}}]},"6":{"type":"branch","line":32,"loc":{"start":{"line":32,"column":71},"end":{"line":34,"column":5}},"locations":[{"start":{"line":32,"column":71},"end":{"line":34,"column":5}}]},"7":{"type":"branch","line":34,"loc":{"start":{"line":34,"column":4},"end":{"line":36,"column":3}},"locations":[{"start":{"line":34,"column":4},"end":{"line":36,"column":3}}]},"8":{"type":"branch","line":32,"loc":{"start":{"line":32,"column":48},"end":{"line":32,"column":68}},"locations":[{"start":{"line":32,"column":48},"end":{"line":32,"column":68}}]}},"b":{"0":[2],"1":[0],"2":[0],"3":[4],"4":[6],"5":[3],"6":[1],"7":[2],"8":[7]},"fnMap":{"0":{"name":"validarBrinquedos","decl":{"start":{"line":7,"column":9},"end":{"line":25,"column":1}},"loc":{"start":{"line":7,"column":9},"end":{"line":25,"column":1}},"line":7},"1":{"name":"validarAnimais","decl":{"start":{"line":29,"column":9},"end":{"line":36,"column":3}},"loc":{"start":{"line":29,"column":9},"end":{"line":36,"column":3}},"line":29}},"f":{"0":2,"1":3}}
,"C:\\Users\\gferr\\OneDrive\\Área de Trabalho\\StartDB_Desafio_tecnico\\desafio-russodev1-2025\\src\\Data\\dados.js": {"path":"C:\\Users\\gferr\\OneDrive\\Área de Trabalho\\StartDB_Desafio_tecnico\\desafio-russodev1-2025\\src\\Data\\dados.js","all":false,"statementMap":{"0":{"start":{"line":1,"column":0},"end":{"line":1,"column":21}},"1":{"start":{"line":2,"column":0},"end":{"line":2,"column":53}},"2":{"start":{"line":3,"column":0},"end":{"line":3,"column":56}},"3":{"start":{"line":4,"column":0},"end":{"line":4,"column":64}},"4":{"start":{"line":5,"column":0},"end":{"line":5,"column":55}},"5":{"start":{"line":6,"column":0},"end":{"line":6,"column":57}},"6":{"start":{"line":7,"column":0},"end":{"line":7,"column":63}},"7":{"start":{"line":8,"column":0},"end":{"line":8,"column":57}},"8":{"start":{"line":9,"column":0},"end":{"line":9,"column":2}},"9":{"start":{"line":10,"column":0},"end":{"line":10,"column":0}},"10":{"start":{"line":11,"column":0},"end":{"line":11,"column":80}},"11":{"start":{"line":12,"column":0},"end":{"line":12,"column":0}},"12":{"start":{"line":13,"column":0},"end":{"line":13,"column":42}}},"s":{"0":1,"1":1,"2":1,"3":1,"4":1,"5":1,"6":1,"7":1,"8":1,"9":1,"10":1,"11":1,"12":1},"branchMap":{},"b":{},"fnMap":{},"f":{}}
}
