{"C:\\Users\\gferr\\OneDrive\\Área de Trabalho\\StartDB_Desafio_tecnico\\desafio-russodev1-2025\\src\\abrigo-animais.js": {"path":"C:\\Users\\gferr\\OneDrive\\Área de Trabalho\\StartDB_Desafio_tecnico\\desafio-russodev1-2025\\src\\abrigo-animais.js","all":false,"statementMap":{"0":{"start":{"line":1,"column":0},"end":{"line":1,"column":0}},"1":{"start":{"line":2,"column":0},"end":{"line":2,"column":45}},"2":{"start":{"line":3,"column":0},"end":{"line":3,"column":0}},"3":{"start":{"line":4,"column":0},"end":{"line":4,"column":45}},"4":{"start":{"line":5,"column":0},"end":{"line":5,"column":0}},"5":{"start":{"line":6,"column":0},"end":{"line":6,"column":66}},"6":{"start":{"line":7,"column":0},"end":{"line":7,"column":0}},"7":{"start":{"line":8,"column":0},"end":{"line":8,"column":46}},"8":{"start":{"line":9,"column":0},"end":{"line":9,"column":0}},"9":{"start":{"line":10,"column":0},"end":{"line":10,"column":21}},"10":{"start":{"line":11,"column":0},"end":{"line":11,"column":0}},"11":{"start":{"line":12,"column":0},"end":{"line":12,"column":71}},"12":{"start":{"line":13,"column":0},"end":{"line":13,"column":0}},"13":{"start":{"line":14,"column":0},"end":{"line":14,"column":72}},"14":{"start":{"line":15,"column":0},"end":{"line":15,"column":0}},"15":{"start":{"line":16,"column":0},"end":{"line":16,"column":72}},"16":{"start":{"line":17,"column":0},"end":{"line":17,"column":0}},"17":{"start":{"line":18,"column":0},"end":{"line":18,"column":61}},"18":{"start":{"line":19,"column":0},"end":{"line":19,"column":0}},"19":{"start":{"line":20,"column":0},"end":{"line":20,"column":0}},"20":{"start":{"line":21,"column":0},"end":{"line":21,"column":0}},"21":{"start":{"line":22,"column":0},"end":{"line":22,"column":63}},"22":{"start":{"line":23,"column":0},"end":{"line":23,"column":0}},"23":{"start":{"line":24,"column":0},"end":{"line":24,"column":40}},"24":{"start":{"line":25,"column":0},"end":{"line":25,"column":0}},"25":{"start":{"line":26,"column":0},"end":{"line":26,"column":88}},"26":{"start":{"line":27,"column":0},"end":{"line":27,"column":0}},"27":{"start":{"line":28,"column":0},"end":{"line":28,"column":46}},"28":{"start":{"line":29,"column":0},"end":{"line":29,"column":0}},"29":{"start":{"line":30,"column":0},"end":{"line":30,"column":0}},"30":{"start":{"line":31,"column":0},"end":{"line":31,"column":0}},"31":{"start":{"line":32,"column":0},"end":{"line":32,"column":0}},"32":{"start":{"line":33,"column":0},"end":{"line":33,"column":0}},"33":{"start":{"line":34,"column":0},"end":{"line":34,"column":47}},"34":{"start":{"line":35,"column":0},"end":{"line":35,"column":0}},"35":{"start":{"line":36,"column":0},"end":{"line":36,"column":47}},"36":{"start":{"line":37,"column":0},"end":{"line":37,"column":0}},"37":{"start":{"line":38,"column":0},"end":{"line":38,"column":0}},"38":{"start":{"line":39,"column":0},"end":{"line":39,"column":0}},"39":{"start":{"line":40,"column":0},"end":{"line":40,"column":36}},"40":{"start":{"line":41,"column":0},"end":{"line":41,"column":0}},"41":{"start":{"line":42,"column":0},"end":{"line":42,"column":0}},"42":{"start":{"line":43,"column":0},"end":{"line":43,"column":0}},"43":{"start":{"line":44,"column":0},"end":{"line":44,"column":29}},"44":{"start":{"line":45,"column":0},"end":{"line":45,"column":0}},"45":{"start":{"line":46,"column":0},"end":{"line":46,"column":38}},"46":{"start":{"line":47,"column":0},"end":{"line":47,"column":0}},"47":{"start":{"line":48,"column":0},"end":{"line":48,"column":68}},"48":{"start":{"line":49,"column":0},"end":{"line":49,"column":0}},"49":{"start":{"line":50,"column":0},"end":{"line":50,"column":0}},"50":{"start":{"line":51,"column":0},"end":{"line":51,"column":0}},"51":{"start":{"line":52,"column":0},"end":{"line":52,"column":69}},"52":{"start":{"line":53,"column":0},"end":{"line":53,"column":0}},"53":{"start":{"line":54,"column":0},"end":{"line":54,"column":69}},"54":{"start":{"line":55,"column":0},"end":{"line":55,"column":0}},"55":{"start":{"line":56,"column":0},"end":{"line":56,"column":29}},"56":{"start":{"line":57,"column":0},"end":{"line":57,"column":0}},"57":{"start":{"line":58,"column":0},"end":{"line":58,"column":0}},"58":{"start":{"line":59,"column":0},"end":{"line":59,"column":0}},"59":{"start":{"line":60,"column":0},"end":{"line":60,"column":47}},"60":{"start":{"line":61,"column":0},"end":{"line":61,"column":0}},"61":{"start":{"line":62,"column":0},"end":{"line":62,"column":25}},"62":{"start":{"line":63,"column":0},"end":{"line":63,"column":0}},"63":{"start":{"line":64,"column":0},"end":{"line":64,"column":7}},"64":{"start":{"line":65,"column":0},"end":{"line":65,"column":0}},"65":{"start":{"line":66,"column":0},"end":{"line":66,"column":0}},"66":{"start":{"line":67,"column":0},"end":{"line":67,"column":0}},"67":{"start":{"line":68,"column":0},"end":{"line":68,"column":64}},"68":{"start":{"line":69,"column":0},"end":{"line":69,"column":0}},"69":{"start":{"line":70,"column":0},"end":{"line":70,"column":31}},"70":{"start":{"line":71,"column":0},"end":{"line":71,"column":0}},"71":{"start":{"line":72,"column":0},"end":{"line":72,"column":29}},"72":{"start":{"line":73,"column":0},"end":{"line":73,"column":0}},"73":{"start":{"line":74,"column":0},"end":{"line":74,"column":66}},"74":{"start":{"line":75,"column":0},"end":{"line":75,"column":0}},"75":{"start":{"line":76,"column":0},"end":{"line":76,"column":31}},"76":{"start":{"line":77,"column":0},"end":{"line":77,"column":0}},"77":{"start":{"line":78,"column":0},"end":{"line":78,"column":29}},"78":{"start":{"line":79,"column":0},"end":{"line":79,"column":0}},"79":{"start":{"line":80,"column":0},"end":{"line":80,"column":14}},"80":{"start":{"line":81,"column":0},"end":{"line":81,"column":0}},"81":{"start":{"line":82,"column":0},"end":{"line":82,"column":27}},"82":{"start":{"line":83,"column":0},"end":{"line":83,"column":0}},"83":{"start":{"line":84,"column":0},"end":{"line":84,"column":7}},"84":{"start":{"line":85,"column":0},"end":{"line":85,"column":0}},"85":{"start":{"line":86,"column":0},"end":{"line":86,"column":0}},"86":{"start":{"line":87,"column":0},"end":{"line":87,"column":51}},"87":{"start":{"line":88,"column":0},"end":{"line":88,"column":0}},"88":{"start":{"line":89,"column":0},"end":{"line":89,"column":5}},"89":{"start":{"line":90,"column":0},"end":{"line":90,"column":0}},"90":{"start":{"line":91,"column":0},"end":{"line":91,"column":27}},"91":{"start":{"line":92,"column":0},"end":{"line":92,"column":0}},"92":{"start":{"line":93,"column":0},"end":{"line":93,"column":21}},"93":{"start":{"line":94,"column":0},"end":{"line":94,"column":0}},"94":{"start":{"line":95,"column":0},"end":{"line":95,"column":3}},"95":{"start":{"line":96,"column":0},"end":{"line":96,"column":0}},"96":{"start":{"line":97,"column":0},"end":{"line":97,"column":1}},"97":{"start":{"line":98,"column":0},"end":{"line":98,"column":0}},"98":{"start":{"line":99,"column":0},"end":{"line":99,"column":42}}},"s":{"0":1,"1":1,"2":1,"3":1,"4":1,"5":1,"6":1,"7":1,"8":1,"9":1,"10":1,"11":1,"12":3,"13":3,"14":3,"15":3,"16":3,"17":3,"18":3,"19":3,"20":3,"21":3,"22":3,"23":3,"24":2,"25":2,"26":2,"27":3,"28":2,"29":2,"30":2,"31":2,"32":2,"33":2,"34":2,"35":2,"36":2,"37":2,"38":2,"39":2,"40":2,"41":2,"42":2,"43":3,"44":6,"45":6,"46":6,"47":6,"48":6,"49":6,"50":6,"51":6,"52":6,"53":6,"54":6,"55":6,"56":6,"57":6,"58":6,"59":6,"60":1,"61":1,"62":1,"63":1,"64":5,"65":5,"66":5,"67":5,"68":1,"69":1,"70":1,"71":1,"72":1,"73":5,"74":1,"75":1,"76":1,"77":1,"78":1,"79":4,"80":3,"81":3,"82":3,"83":3,"84":6,"85":6,"86":6,"87":6,"88":6,"89":2,"90":2,"91":2,"92":2,"93":2,"94":2,"95":1,"96":1,"97":1,"98":1},"branchMap":{"0":{"type":"branch","line":12,"loc":{"start":{"line":12,"column":2},"end":{"line":95,"column":3}},"locations":[{"start":{"line":12,"column":2},"end":{"line":95,"column":3}}]},"1":{"type":"branch","line":24,"loc":{"start":{"line":24,"column":21},"end":{"line":24,"column":40}},"locations":[{"start":{"line":24,"column":21},"end":{"line":24,"column":40}}]},"2":{"type":"branch","line":24,"loc":{"start":{"line":24,"column":39},"end":{"line":28,"column":24}},"locations":[{"start":{"line":24,"column":39},"end":{"line":28,"column":24}}]},"3":{"type":"branch","line":28,"loc":{"start":{"line":28,"column":24},"end":{"line":28,"column":46}},"locations":[{"start":{"line":28,"column":24},"end":{"line":28,"column":46}}]},"4":{"type":"branch","line":28,"loc":{"start":{"line":28,"column":45},"end":{"line":44,"column":28}},"locations":[{"start":{"line":28,"column":45},"end":{"line":44,"column":28}}]},"5":{"type":"branch","line":44,"loc":{"start":{"line":44,"column":28},"end":{"line":89,"column":5}},"locations":[{"start":{"line":44,"column":28},"end":{"line":89,"column":5}}]},"6":{"type":"branch","line":60,"loc":{"start":{"line":60,"column":25},"end":{"line":60,"column":44}},"locations":[{"start":{"line":60,"column":25},"end":{"line":60,"column":44}}]},"7":{"type":"branch","line":60,"loc":{"start":{"line":60,"column":46},"end":{"line":64,"column":7}},"locations":[{"start":{"line":60,"column":46},"end":{"line":64,"column":7}}]},"8":{"type":"branch","line":65,"loc":{"start":{"line":65,"column":-2},"end":{"line":84,"column":7}},"locations":[{"start":{"line":65,"column":-2},"end":{"line":84,"column":7}}]},"9":{"type":"branch","line":68,"loc":{"start":{"line":68,"column":30},"end":{"line":68,"column":61}},"locations":[{"start":{"line":68,"column":30},"end":{"line":68,"column":61}}]},"10":{"type":"branch","line":68,"loc":{"start":{"line":68,"column":63},"end":{"line":74,"column":7}},"locations":[{"start":{"line":68,"column":63},"end":{"line":74,"column":7}}]},"11":{"type":"branch","line":74,"loc":{"start":{"line":74,"column":7},"end":{"line":84,"column":7}},"locations":[{"start":{"line":74,"column":7},"end":{"line":84,"column":7}}]},"12":{"type":"branch","line":74,"loc":{"start":{"line":74,"column":32},"end":{"line":74,"column":63}},"locations":[{"start":{"line":74,"column":32},"end":{"line":74,"column":63}}]},"13":{"type":"branch","line":74,"loc":{"start":{"line":74,"column":65},"end":{"line":80,"column":7}},"locations":[{"start":{"line":74,"column":65},"end":{"line":80,"column":7}}]},"14":{"type":"branch","line":80,"loc":{"start":{"line":80,"column":7},"end":{"line":84,"column":7}},"locations":[{"start":{"line":80,"column":7},"end":{"line":84,"column":7}}]},"15":{"type":"branch","line":89,"loc":{"start":{"line":89,"column":4},"end":{"line":95,"column":3}},"locations":[{"start":{"line":89,"column":4},"end":{"line":95,"column":3}}]},"16":{"type":"branch","line":14,"loc":{"start":{"line":14,"column":57},"end":{"line":14,"column":70}},"locations":[{"start":{"line":14,"column":57},"end":{"line":14,"column":70}}]},"17":{"type":"branch","line":16,"loc":{"start":{"line":16,"column":57},"end":{"line":16,"column":70}},"locations":[{"start":{"line":16,"column":57},"end":{"line":16,"column":70}}]},"18":{"type":"branch","line":18,"loc":{"start":{"line":18,"column":46},"end":{"line":18,"column":59}},"locations":[{"start":{"line":18,"column":46},"end":{"line":18,"column":59}}]}},"b":{"0":[3],"1":[1],"2":[2],"3":[0],"4":[2],"5":[6],"6":[2],"7":[1],"8":[5],"9":[1],"10":[1],"11":[4],"12":[1],"13":[1],"14":[3],"15":[2],"16":[6],"17":[8],"18":[7]},"fnMap":{"0":{"name":"encontraPessoas","decl":{"start":{"line":12,"column":2},"end":{"line":95,"column":3}},"loc":{"start":{"line":12,"column":2},"end":{"line":95,"column":3}},"line":12}},"f":{"0":3}}
,"C:\\Users\\gferr\\OneDrive\\Área de Trabalho\\StartDB_Desafio_tecnico\\desafio-russodev1-2025\\src\\Classes\\animal.js": {"path":"C:\\Users\\gferr\\OneDrive\\Área de Trabalho\\StartDB_Desafio_tecnico\\desafio-russodev1-2025\\src\\Classes\\animal.js","all":false,"statementMap":{"0":{"start":{"line":1,"column":0},"end":{"line":1,"column":15}},"1":{"start":{"line":2,"column":0},"end":{"line":2,"column":0}},"2":{"start":{"line":3,"column":0},"end":{"line":3,"column":41}},"3":{"start":{"line":4,"column":0},"end":{"line":4,"column":23}},"4":{"start":{"line":5,"column":0},"end":{"line":5,"column":23}},"5":{"start":{"line":6,"column":0},"end":{"line":6,"column":35}},"6":{"start":{"line":7,"column":0},"end":{"line":7,"column":5}},"7":{"start":{"line":8,"column":0},"end":{"line":8,"column":0}},"8":{"start":{"line":9,"column":0},"end":{"line":9,"column":0}},"9":{"start":{"line":10,"column":0},"end":{"line":10,"column":0}},"10":{"start":{"line":11,"column":0},"end":{"line":11,"column":46}},"11":{"start":{"line":12,"column":0},"end":{"line":12,"column":47}},"12":{"start":{"line":13,"column":0},"end":{"line":13,"column":0}},"13":{"start":{"line":14,"column":0},"end":{"line":14,"column":32}},"14":{"start":{"line":15,"column":0},"end":{"line":15,"column":40}},"15":{"start":{"line":16,"column":0},"end":{"line":16,"column":6}},"16":{"start":{"line":17,"column":0},"end":{"line":17,"column":0}},"17":{"start":{"line":18,"column":0},"end":{"line":18,"column":0}},"18":{"start":{"line":19,"column":0},"end":{"line":19,"column":31}},"19":{"start":{"line":20,"column":0},"end":{"line":20,"column":86}},"20":{"start":{"line":21,"column":0},"end":{"line":21,"column":5}},"21":{"start":{"line":22,"column":0},"end":{"line":22,"column":0}},"22":{"start":{"line":23,"column":0},"end":{"line":23,"column":31}},"23":{"start":{"line":24,"column":0},"end":{"line":24,"column":21}},"24":{"start":{"line":25,"column":0},"end":{"line":25,"column":48}},"25":{"start":{"line":26,"column":0},"end":{"line":26,"column":59}},"26":{"start":{"line":27,"column":0},"end":{"line":27,"column":59}},"27":{"start":{"line":28,"column":0},"end":{"line":28,"column":8}},"28":{"start":{"line":29,"column":0},"end":{"line":29,"column":20}},"29":{"start":{"line":30,"column":0},"end":{"line":30,"column":6}},"30":{"start":{"line":31,"column":0},"end":{"line":31,"column":18}},"31":{"start":{"line":32,"column":0},"end":{"line":32,"column":4}},"32":{"start":{"line":33,"column":0},"end":{"line":33,"column":0}},"33":{"start":{"line":34,"column":0},"end":{"line":34,"column":2}},"34":{"start":{"line":35,"column":0},"end":{"line":35,"column":0}},"35":{"start":{"line":36,"column":0},"end":{"line":36,"column":0}},"36":{"start":{"line":37,"column":0},"end":{"line":37,"column":0}},"37":{"start":{"line":38,"column":0},"end":{"line":38,"column":19}}},"s":{"0":1,"1":1,"2":1,"3":6,"4":6,"5":6,"6":6,"7":1,"8":1,"9":1,"10":1,"11":12,"12":12,"13":12,"14":0,"15":0,"16":12,"17":12,"18":12,"19":6,"20":6,"21":6,"22":6,"23":6,"24":6,"25":16,"26":16,"27":16,"28":5,"29":5,"30":0,"31":0,"32":1,"33":1,"34":1,"35":1,"36":1,"37":1},"branchMap":{"0":{"type":"branch","line":3,"loc":{"start":{"line":3,"column":3},"end":{"line":7,"column":5}},"locations":[{"start":{"line":3,"column":3},"end":{"line":7,"column":5}}]},"1":{"type":"branch","line":11,"loc":{"start":{"line":11,"column":2},"end":{"line":32,"column":4}},"locations":[{"start":{"line":11,"column":2},"end":{"line":32,"column":4}}]},"2":{"type":"branch","line":14,"loc":{"start":{"line":14,"column":30},"end":{"line":16,"column":6}},"locations":[{"start":{"line":14,"column":30},"end":{"line":16,"column":6}}]},"3":{"type":"branch","line":19,"loc":{"start":{"line":19,"column":30},"end":{"line":30,"column":6}},"locations":[{"start":{"line":19,"column":30},"end":{"line":30,"column":6}}]},"4":{"type":"branch","line":25,"loc":{"start":{"line":25,"column":46},"end":{"line":28,"column":8}},"locations":[{"start":{"line":25,"column":46},"end":{"line":28,"column":8}}]},"5":{"type":"branch","line":26,"loc":{"start":{"line":26,"column":50},"end":{"line":26,"column":59}},"locations":[{"start":{"line":26,"column":50},"end":{"line":26,"column":59}}]},"6":{"type":"branch","line":27,"loc":{"start":{"line":27,"column":46},"end":{"line":27,"column":59}},"locations":[{"start":{"line":27,"column":46},"end":{"line":27,"column":59}}]},"7":{"type":"branch","line":28,"loc":{"start":{"line":28,"column":6},"end":{"line":30,"column":6}},"locations":[{"start":{"line":28,"column":6},"end":{"line":30,"column":6}}]},"8":{"type":"branch","line":30,"loc":{"start":{"line":30,"column":4},"end":{"line":32,"column":4}},"locations":[{"start":{"line":30,"column":4},"end":{"line":32,"column":4}}]},"9":{"type":"branch","line":20,"loc":{"start":{"line":20,"column":35},"end":{"line":20,"column":84}},"locations":[{"start":{"line":20,"column":35},"end":{"line":20,"column":84}}]}},"b":{"0":[6],"1":[12],"2":[0],"3":[6],"4":[16],"5":[4],"6":[1],"7":[5],"8":[0],"9":[13]},"fnMap":{"0":{"name":"Animal","decl":{"start":{"line":3,"column":3},"end":{"line":7,"column":5}},"loc":{"start":{"line":3,"column":3},"end":{"line":7,"column":5}},"line":3},"1":{"name":"podeSerAdotadoPor","decl":{"start":{"line":11,"column":2},"end":{"line":32,"column":4}},"loc":{"start":{"line":11,"column":2},"end":{"line":32,"column":4}},"line":11}},"f":{"0":6,"1":12}}
,"C:\\Users\\gferr\\OneDrive\\Área de Trabalho\\StartDB_Desafio_tecnico\\desafio-russodev1-2025\\src\\Classes\\pessoa.js": {"path":"C:\\Users\\gferr\\OneDrive\\Área de Trabalho\\StartDB_Desafio_tecnico\\desafio-russodev1-2025\\src\\Classes\\pessoa.js","all":false,"statementMap":{"0":{"start":{"line":1,"column":0},"end":{"line":1,"column":15}},"1":{"start":{"line":2,"column":0},"end":{"line":2,"column":0}},"2":{"start":{"line":3,"column":0},"end":{"line":3,"column":37}},"3":{"start":{"line":4,"column":0},"end":{"line":4,"column":26}},"4":{"start":{"line":5,"column":0},"end":{"line":5,"column":35}},"5":{"start":{"line":6,"column":0},"end":{"line":6,"column":24}},"6":{"start":{"line":7,"column":0},"end":{"line":7,"column":5}},"7":{"start":{"line":8,"column":0},"end":{"line":8,"column":0}},"8":{"start":{"line":9,"column":0},"end":{"line":9,"column":0}},"9":{"start":{"line":10,"column":0},"end":{"line":10,"column":0}},"10":{"start":{"line":11,"column":0},"end":{"line":11,"column":35}},"11":{"start":{"line":12,"column":0},"end":{"line":12,"column":58}},"12":{"start":{"line":13,"column":0},"end":{"line":13,"column":4}},"13":{"start":{"line":14,"column":0},"end":{"line":14,"column":0}},"14":{"start":{"line":15,"column":0},"end":{"line":15,"column":0}},"15":{"start":{"line":16,"column":0},"end":{"line":16,"column":0}},"16":{"start":{"line":17,"column":0},"end":{"line":17,"column":23}},"17":{"start":{"line":18,"column":0},"end":{"line":18,"column":49}},"18":{"start":{"line":19,"column":0},"end":{"line":19,"column":48}},"19":{"start":{"line":20,"column":0},"end":{"line":20,"column":4}},"20":{"start":{"line":21,"column":0},"end":{"line":21,"column":0}},"21":{"start":{"line":22,"column":0},"end":{"line":22,"column":0}},"22":{"start":{"line":23,"column":0},"end":{"line":23,"column":0}},"23":{"start":{"line":24,"column":0},"end":{"line":24,"column":20}},"24":{"start":{"line":25,"column":0},"end":{"line":25,"column":38}},"25":{"start":{"line":26,"column":0},"end":{"line":26,"column":5}},"26":{"start":{"line":27,"column":0},"end":{"line":27,"column":3}},"27":{"start":{"line":28,"column":0},"end":{"line":28,"column":0}},"28":{"start":{"line":29,"column":0},"end":{"line":29,"column":0}},"29":{"start":{"line":30,"column":0},"end":{"line":30,"column":0}},"30":{"start":{"line":31,"column":0},"end":{"line":31,"column":17}}},"s":{"0":1,"1":1,"2":1,"3":4,"4":4,"5":4,"6":4,"7":1,"8":1,"9":1,"10":1,"11":12,"12":12,"13":1,"14":1,"15":1,"16":1,"17":0,"18":0,"19":0,"20":1,"21":1,"22":1,"23":1,"24":2,"25":2,"26":1,"27":1,"28":1,"29":1,"30":1},"branchMap":{"0":{"type":"branch","line":3,"loc":{"start":{"line":3,"column":3},"end":{"line":7,"column":5}},"locations":[{"start":{"line":3,"column":3},"end":{"line":7,"column":5}}]},"1":{"type":"branch","line":11,"loc":{"start":{"line":11,"column":2},"end":{"line":13,"column":4}},"locations":[{"start":{"line":11,"column":2},"end":{"line":13,"column":4}}]},"2":{"type":"branch","line":24,"loc":{"start":{"line":24,"column":3},"end":{"line":26,"column":5}},"locations":[{"start":{"line":24,"column":3},"end":{"line":26,"column":5}}]}},"b":{"0":[4],"1":[12],"2":[2]},"fnMap":{"0":{"name":"Pessoa","decl":{"start":{"line":3,"column":3},"end":{"line":7,"column":5}},"loc":{"start":{"line":3,"column":3},"end":{"line":7,"column":5}},"line":3},"1":{"name":"eElegivelPorBrinquedos","decl":{"start":{"line":11,"column":2},"end":{"line":13,"column":4}},"loc":{"start":{"line":11,"column":2},"end":{"line":13,"column":4}},"line":11},"2":{"name":"podeAdotar","decl":{"start":{"line":17,"column":2},"end":{"line":20,"column":4}},"loc":{"start":{"line":17,"column":2},"end":{"line":20,"column":4}},"line":17},"3":{"name":"adotar","decl":{"start":{"line":24,"column":3},"end":{"line":26,"column":5}},"loc":{"start":{"line":24,"column":3},"end":{"line":26,"column":5}},"line":24}},"f":{"0":4,"1":12,"2":0,"3":2}}
,"C:\\Users\\gferr\\OneDrive\\Área de Trabalho\\StartDB_Desafio_tecnico\\desafio-russodev1-2025\\src\\Classes\\validador-entrada.js": {"path":"C:\\Users\\gferr\\OneDrive\\Área de Trabalho\\StartDB_Desafio_tecnico\\desafio-russodev1-2025\\src\\Classes\\validador-entrada.js","all":false,"statementMap":{"0":{"start":{"line":1,"column":0},"end":{"line":1,"column":66}},"1":{"start":{"line":2,"column":0},"end":{"line":2,"column":0}},"2":{"start":{"line":3,"column":0},"end":{"line":3,"column":0}},"3":{"start":{"line":4,"column":0},"end":{"line":4,"column":0}},"4":{"start":{"line":5,"column":0},"end":{"line":5,"column":24}},"5":{"start":{"line":6,"column":0},"end":{"line":6,"column":0}},"6":{"start":{"line":7,"column":0},"end":{"line":7,"column":54}},"7":{"start":{"line":8,"column":0},"end":{"line":8,"column":0}},"8":{"start":{"line":9,"column":0},"end":{"line":9,"column":38}},"9":{"start":{"line":10,"column":0},"end":{"line":10,"column":100}},"10":{"start":{"line":11,"column":0},"end":{"line":11,"column":44}},"11":{"start":{"line":12,"column":0},"end":{"line":12,"column":5}},"12":{"start":{"line":13,"column":0},"end":{"line":13,"column":0}},"13":{"start":{"line":14,"column":0},"end":{"line":14,"column":0}},"14":{"start":{"line":15,"column":0},"end":{"line":15,"column":38}},"15":{"start":{"line":16,"column":0},"end":{"line":16,"column":0}},"16":{"start":{"line":17,"column":0},"end":{"line":17,"column":100}},"17":{"start":{"line":18,"column":0},"end":{"line":18,"column":44}},"18":{"start":{"line":19,"column":0},"end":{"line":19,"column":5}},"19":{"start":{"line":20,"column":0},"end":{"line":20,"column":0}},"20":{"start":{"line":21,"column":0},"end":{"line":21,"column":0}},"21":{"start":{"line":22,"column":0},"end":{"line":22,"column":0}},"22":{"start":{"line":23,"column":0},"end":{"line":23,"column":16}},"23":{"start":{"line":24,"column":0},"end":{"line":24,"column":0}},"24":{"start":{"line":25,"column":0},"end":{"line":25,"column":1}},"25":{"start":{"line":26,"column":0},"end":{"line":26,"column":0}},"26":{"start":{"line":27,"column":0},"end":{"line":27,"column":0}},"27":{"start":{"line":28,"column":0},"end":{"line":28,"column":0}},"28":{"start":{"line":29,"column":0},"end":{"line":29,"column":32}},"29":{"start":{"line":30,"column":0},"end":{"line":30,"column":0}},"30":{"start":{"line":31,"column":0},"end":{"line":31,"column":31}},"31":{"start":{"line":32,"column":0},"end":{"line":32,"column":72}},"32":{"start":{"line":33,"column":0},"end":{"line":33,"column":41}},"33":{"start":{"line":34,"column":0},"end":{"line":34,"column":5}},"34":{"start":{"line":35,"column":0},"end":{"line":35,"column":16}},"35":{"start":{"line":36,"column":0},"end":{"line":36,"column":3}},"36":{"start":{"line":37,"column":0},"end":{"line":37,"column":0}},"37":{"start":{"line":38,"column":0},"end":{"line":38,"column":1}},"38":{"start":{"line":39,"column":0},"end":{"line":39,"column":0}},"39":{"start":{"line":40,"column":0},"end":{"line":40,"column":0}},"40":{"start":{"line":41,"column":0},"end":{"line":41,"column":0}},"41":{"start":{"line":42,"column":0},"end":{"line":42,"column":28}}},"s":{"0":1,"1":1,"2":1,"3":1,"4":1,"5":1,"6":1,"7":2,"8":2,"9":2,"10":0,"11":0,"12":2,"13":2,"14":2,"15":2,"16":2,"17":0,"18":0,"19":2,"20":2,"21":2,"22":2,"23":2,"24":2,"25":1,"26":1,"27":1,"28":1,"29":3,"30":3,"31":3,"32":1,"33":1,"34":2,"35":2,"36":1,"37":1,"38":1,"39":1,"40":1,"41":1},"branchMap":{"0":{"type":"branch","line":7,"loc":{"start":{"line":7,"column":9},"end":{"line":25,"column":1}},"locations":[{"start":{"line":7,"column":9},"end":{"line":25,"column":1}}]},"1":{"type":"branch","line":10,"loc":{"start":{"line":10,"column":99},"end":{"line":12,"column":5}},"locations":[{"start":{"line":10,"column":99},"end":{"line":12,"column":5}}]},"2":{"type":"branch","line":17,"loc":{"start":{"line":17,"column":99},"end":{"line":19,"column":5}},"locations":[{"start":{"line":17,"column":99},"end":{"line":19,"column":5}}]},"3":{"type":"branch","line":10,"loc":{"start":{"line":10,"column":61},"end":{"line":10,"column":96}},"locations":[{"start":{"line":10,"column":61},"end":{"line":10,"column":96}}]},"4":{"type":"branch","line":17,"loc":{"start":{"line":17,"column":61},"end":{"line":17,"column":96}},"locations":[{"start":{"line":17,"column":61},"end":{"line":17,"column":96}}]},"5":{"type":"branch","line":29,"loc":{"start":{"line":29,"column":9},"end":{"line":36,"column":3}},"locations":[{"start":{"line":29,"column":9},"end":{"line":36,"column":3}}]},"6":{"type":"branch","line":32,"loc":{"start":{"line":32,"column":71},"end":{"line":34,"column":5}},"locations":[{"start":{"line":32,"column":71},"end":{"line":34,"column":5}}]},"7":{"type":"branch","line":34,"loc":{"start":{"line":34,"column":4},"end":{"line":36,"column":3}},"locations":[{"start":{"line":34,"column":4},"end":{"line":36,"column":3}}]},"8":{"type":"branch","line":32,"loc":{"start":{"line":32,"column":48},"end":{"line":32,"column":68}},"locations":[{"start":{"line":32,"column":48},"end":{"line":32,"column":68}}]}},"b":{"0":[2],"1":[0],"2":[0],"3":[4],"4":[6],"5":[3],"6":[1],"7":[2],"8":[7]},"fnMap":{"0":{"name":"validarBrinquedos","decl":{"start":{"line":7,"column":9},"end":{"line":25,"column":1}},"loc":{"start":{"line":7,"column":9},"end":{"line":25,"column":1}},"line":7},"1":{"name":"validarAnimais","decl":{"start":{"line":29,"column":9},"end":{"line":36,"column":3}},"loc":{"start":{"line":29,"column":9},"end":{"line":36,"column":3}},"line":29}},"f":{"0":2,"1":3}}
,"C:\\Users\\gferr\\OneDrive\\Área de Trabalho\\StartDB_Desafio_tecnico\\desafio-russodev1-2025\\src\\Data\\dados.js": {"path":"C:\\Users\\gferr\\OneDrive\\Área de Trabalho\\StartDB_Desafio_tecnico\\desafio-russodev1-2025\\src\\Data\\dados.js","all":false,"statementMap":{"0":{"start":{"line":1,"column":0},"end":{"line":1,"column":21}},"1":{"start":{"line":2,"column":0},"end":{"line":2,"column":53}},"2":{"start":{"line":3,"column":0},"end":{"line":3,"column":56}},"3":{"start":{"line":4,"column":0},"end":{"line":4,"column":64}},"4":{"start":{"line":5,"column":0},"end":{"line":5,"column":55}},"5":{"start":{"line":6,"column":0},"end":{"line":6,"column":57}},"6":{"start":{"line":7,"column":0},"end":{"line":7,"column":63}},"7":{"start":{"line":8,"column":0},"end":{"line":8,"column":57}},"8":{"start":{"line":9,"column":0},"end":{"line":9,"column":2}},"9":{"start":{"line":10,"column":0},"end":{"line":10,"column":0}},"10":{"start":{"line":11,"column":0},"end":{"line":11,"column":80}},"11":{"start":{"line":12,"column":0},"end":{"line":12,"column":0}},"12":{"start":{"line":13,"column":0},"end":{"line":13,"column":42}}},"s":{"0":1,"1":1,"2":1,"3":1,"4":1,"5":1,"6":1,"7":1,"8":1,"9":1,"10":1,"11":1,"12":1},"branchMap":{},"b":{},"fnMap":{},"f":{}}
}
