TN:
SF:src\abrigo-animais.js
FN:11,encontraPessoas
FNF:1
FNH:1
FNDA:3,encontraPessoas
DA:1,1
DA:2,1
DA:3,1
DA:4,1
DA:5,1
DA:6,1
DA:7,1
DA:8,1
DA:9,1
DA:10,1
DA:11,1
DA:12,3
DA:13,3
DA:14,3
DA:15,3
DA:16,3
DA:17,3
DA:18,3
DA:19,3
DA:20,3
DA:21,3
DA:22,3
DA:23,3
DA:24,2
DA:25,2
DA:26,2
DA:27,3
DA:28,2
DA:29,2
DA:30,2
DA:31,2
DA:32,2
DA:33,2
DA:34,2
DA:35,2
DA:36,2
DA:37,2
DA:38,2
DA:39,2
DA:40,2
DA:41,2
DA:42,2
DA:43,3
DA:44,6
DA:45,6
DA:46,6
DA:47,6
DA:48,6
DA:49,6
DA:50,6
DA:51,6
DA:52,6
DA:53,6
DA:54,6
DA:55,6
DA:56,6
DA:57,6
DA:58,6
DA:59,6
DA:60,6
DA:61,6
DA:62,1
DA:63,6
DA:64,1
DA:65,1
DA:66,5
DA:67,1
DA:68,1
DA:69,1
DA:70,6
DA:71,6
DA:72,6
DA:73,6
DA:74,6
DA:75,2
DA:76,2
DA:77,2
DA:78,2
DA:79,2
DA:80,2
DA:81,1
DA:82,1
DA:83,1
DA:84,1
DA:85,1
DA:86,1
LF:86
LH:86
BRDA:11,0,0,3
BRDA:23,1,0,1
BRDA:23,2,0,2
BRDA:27,3,0,0
BRDA:27,4,0,2
BRDA:43,5,0,6
BRDA:58,6,0,2
BRDA:59,7,0,2
BRDA:61,8,0,2
BRDA:61,9,0,1
BRDA:63,10,0,5
BRDA:63,11,0,1
BRDA:66,12,0,4
BRDA:66,13,0,1
BRDA:74,14,0,2
BRDA:13,15,0,6
BRDA:15,16,0,8
BRDA:17,17,0,7
BRF:18
BRH:17
end_of_record
TN:
SF:src\Classes\animal.js
FN:3,Animal
FN:11,podeSerAdotadoPor
FNF:2
FNH:2
FNDA:6,Animal
FNDA:12,podeSerAdotadoPor
DA:1,1
DA:2,1
DA:3,1
DA:4,6
DA:5,6
DA:6,6
DA:7,6
DA:8,1
DA:9,1
DA:10,1
DA:11,1
DA:12,12
DA:13,12
DA:14,12
DA:15,0
DA:16,0
DA:17,12
DA:18,12
DA:19,12
DA:20,6
DA:21,6
DA:22,6
DA:23,6
DA:24,6
DA:25,6
DA:26,16
DA:27,16
DA:28,16
DA:29,5
DA:30,5
DA:31,0
DA:32,0
DA:33,1
DA:34,1
DA:35,1
DA:36,1
DA:37,1
DA:38,1
LF:38
LH:34
BRDA:3,0,0,6
BRDA:11,1,0,12
BRDA:14,2,0,0
BRDA:19,3,0,6
BRDA:25,4,0,16
BRDA:26,5,0,4
BRDA:27,6,0,1
BRDA:28,7,0,5
BRDA:30,8,0,0
BRDA:20,9,0,13
BRF:10
BRH:8
end_of_record
TN:
SF:src\Classes\pessoa.js
FN:3,Pessoa
FN:11,eElegivelPorBrinquedos
FN:17,podeAdotar
FN:24,adotar
FNF:4
FNH:3
FNDA:4,Pessoa
FNDA:12,eElegivelPorBrinquedos
FNDA:0,podeAdotar
FNDA:2,adotar
DA:1,1
DA:2,1
DA:3,1
DA:4,4
DA:5,4
DA:6,4
DA:7,4
DA:8,1
DA:9,1
DA:10,1
DA:11,1
DA:12,12
DA:13,12
DA:14,1
DA:15,1
DA:16,1
DA:17,1
DA:18,0
DA:19,0
DA:20,0
DA:21,1
DA:22,1
DA:23,1
DA:24,1
DA:25,2
DA:26,2
DA:27,1
DA:28,1
DA:29,1
DA:30,1
DA:31,1
LF:31
LH:28
BRDA:3,0,0,4
BRDA:11,1,0,12
BRDA:24,2,0,2
BRF:3
BRH:3
end_of_record
TN:
SF:src\Classes\validador-entrada.js
FN:7,validarBrinquedos
FN:29,validarAnimais
FNF:2
FNH:2
FNDA:2,validarBrinquedos
FNDA:3,validarAnimais
DA:1,1
DA:2,1
DA:3,1
DA:4,1
DA:5,1
DA:6,1
DA:7,1
DA:8,2
DA:9,2
DA:10,2
DA:11,0
DA:12,0
DA:13,2
DA:14,2
DA:15,2
DA:16,2
DA:17,2
DA:18,0
DA:19,0
DA:20,2
DA:21,2
DA:22,2
DA:23,2
DA:24,2
DA:25,2
DA:26,1
DA:27,1
DA:28,1
DA:29,1
DA:30,3
DA:31,3
DA:32,3
DA:33,1
DA:34,1
DA:35,2
DA:36,2
DA:37,1
DA:38,1
DA:39,1
DA:40,1
DA:41,1
DA:42,1
LF:42
LH:38
BRDA:7,0,0,2
BRDA:10,1,0,0
BRDA:17,2,0,0
BRDA:10,3,0,4
BRDA:17,4,0,6
BRDA:29,5,0,3
BRDA:32,6,0,1
BRDA:34,7,0,2
BRDA:32,8,0,7
BRF:9
BRH:7
end_of_record
TN:
SF:src\Data\dados.js
FNF:0
FNH:0
DA:1,1
DA:2,1
DA:3,1
DA:4,1
DA:5,1
DA:6,1
DA:7,1
DA:8,1
DA:9,1
DA:10,1
DA:11,1
DA:12,1
DA:13,1
LF:13
LH:13
BRF:0
BRH:0
end_of_record
